<?xml version="1.0" encoding="UTF-8"?>
<!-- Generated by org.testng.reporters.JUnitReportReporter -->
<testsuite hostname="DELL" name="com.EprocBilling.Qa.Test.PmsProject" tests="1" failures="0" timestamp="7 Dec 2018 10:41:06 GMT" time="45.396" errors="0">
  <testcase name="login" time="45.396" classname="com.EprocBilling.Qa.Test.PmsProject"/>
</testsuite> <!-- com.EprocBilling.Qa.Test.PmsProject -->
